  Collider.cpp
  DrawObject.cpp
C:\Users\Gebruiker\Documents\School\C++\GDev\GDEV1-C++\GDEV1-C++\Scripts\Components\DrawObject.cpp(10,61): warning C4244: 'argument': conversion from 'T' to 'float', possible loss of data
          with
          [
              T=unsigned int
          ]
C:\Users\Gebruiker\Documents\School\C++\GDev\GDEV1-C++\GDEV1-C++\Scripts\Components\DrawObject.cpp(10,38): warning C4244: 'argument': conversion from 'T' to 'float', possible loss of data
          with
          [
              T=unsigned int
          ]
  EnemyCar.cpp
C:\Users\Gebruiker\Documents\School\C++\GDev\GDEV1-C++\GDEV1-C++\Scripts\GameObjects\EnemyCar.cpp(73,21): warning C4244: 'initializing': conversion from 'int' to 'float', possible loss of data
C:\Users\Gebruiker\Documents\School\C++\GDev\GDEV1-C++\GDEV1-C++\Scripts\GameObjects\EnemyCar.cpp(74,21): warning C4244: '=': conversion from 'int' to 'float', possible loss of data
C:\Users\Gebruiker\Documents\School\C++\GDev\GDEV1-C++\GDEV1-C++\Scripts\GameObjects\EnemyCar.cpp(75,37): warning C4244: 'argument': conversion from 'int' to 'float', possible loss of data
  Player.cpp
  GameRules.cpp
  Main.cpp
C:\Users\Gebruiker\Documents\School\C++\GDev\GDEV1-C++\GDEV1-C++\Scripts\Main.cpp(53,15): warning C4244: 'argument': conversion from 'time_t' to 'unsigned int', possible loss of data
C:\Users\Gebruiker\Documents\School\C++\GDev\GDEV1-C++\GDEV1-C++\Scripts\Main.cpp(134,39): warning C4244: 'argument': conversion from 'double' to 'float', possible loss of data
C:\Users\Gebruiker\Documents\School\C++\GDev\GDEV1-C++\GDEV1-C++\Scripts\Main.cpp(156,81): warning C4244: 'argument': conversion from 'T' to 'T', possible loss of data
          with
          [
              T=unsigned int
          ]
          and
          [
              T=float
          ]
C:\Users\Gebruiker\Documents\School\C++\GDev\GDEV1-C++\GDEV1-C++\Scripts\Main.cpp(156,57): warning C4244: 'argument': conversion from 'T' to 'T', possible loss of data
          with
          [
              T=unsigned int
          ]
          and
          [
              T=float
          ]
C:\Users\Gebruiker\Documents\School\C++\GDev\GDEV1-C++\GDEV1-C++\Scripts\Main.cpp(157,87): warning C4244: 'argument': conversion from 'T' to 'T', possible loss of data
          with
          [
              T=unsigned int
          ]
          and
          [
              T=float
          ]
C:\Users\Gebruiker\Documents\School\C++\GDev\GDEV1-C++\GDEV1-C++\Scripts\Main.cpp(157,59): warning C4244: 'argument': conversion from 'T' to 'T', possible loss of data
          with
          [
              T=unsigned int
          ]
          and
          [
              T=float
          ]
C:\Users\Gebruiker\Documents\School\C++\GDev\GDEV1-C++\GDEV1-C++\Scripts\Main.cpp(180,81): warning C4244: 'argument': conversion from 'T' to 'T', possible loss of data
          with
          [
              T=unsigned int
          ]
          and
          [
              T=float
          ]
C:\Users\Gebruiker\Documents\School\C++\GDev\GDEV1-C++\GDEV1-C++\Scripts\Main.cpp(180,57): warning C4244: 'argument': conversion from 'T' to 'T', possible loss of data
          with
          [
              T=unsigned int
          ]
          and
          [
              T=float
          ]
C:\Users\Gebruiker\Documents\School\C++\GDev\GDEV1-C++\GDEV1-C++\Scripts\Main.cpp(181,87): warning C4244: 'argument': conversion from 'T' to 'T', possible loss of data
          with
          [
              T=unsigned int
          ]
          and
          [
              T=float
          ]
C:\Users\Gebruiker\Documents\School\C++\GDev\GDEV1-C++\GDEV1-C++\Scripts\Main.cpp(181,59): warning C4244: 'argument': conversion from 'T' to 'T', possible loss of data
          with
          [
              T=unsigned int
          ]
          and
          [
              T=float
          ]
  Rigidbody.cpp
  Physics.cpp
  Time.cpp
  Object.cpp
  Vector2.cpp
  Generating Code...
DrawObject.obj : error LNK2019: unresolved external symbol "__declspec(dllimport) public: __cdecl sf::Texture::Texture(void)" (__imp_??0Texture@sf@@QEAA@XZ) referenced in function "public: __cdecl DrawObject::DrawObject(void)" (??0DrawObject@@QEAA@XZ)
Main.obj : error LNK2001: unresolved external symbol "__declspec(dllimport) public: __cdecl sf::Texture::Texture(void)" (__imp_??0Texture@sf@@QEAA@XZ)
DrawObject.obj : error LNK2019: unresolved external symbol "__declspec(dllimport) public: __cdecl sf::Texture::~Texture(void)" (__imp_??1Texture@sf@@QEAA@XZ) referenced in function "int `public: __cdecl DrawObject::DrawObject(void)'::`1'::dtor$0" (?dtor$0@?0???0DrawObject@@QEAA@XZ@4HA)
EnemyCar.obj : error LNK2001: unresolved external symbol "__declspec(dllimport) public: __cdecl sf::Texture::~Texture(void)" (__imp_??1Texture@sf@@QEAA@XZ)
Player.obj : error LNK2001: unresolved external symbol "__declspec(dllimport) public: __cdecl sf::Texture::~Texture(void)" (__imp_??1Texture@sf@@QEAA@XZ)
Main.obj : error LNK2001: unresolved external symbol "__declspec(dllimport) public: __cdecl sf::Texture::~Texture(void)" (__imp_??1Texture@sf@@QEAA@XZ)
DrawObject.obj : error LNK2019: unresolved external symbol "__declspec(dllimport) public: bool __cdecl sf::Texture::loadFromFile(class std::basic_string<char,struct std::char_traits<char>,class std::allocator<char> > const &,class sf::Rect<int> const &)" (__imp_?loadFromFile@Texture@sf@@QEAA_NAEBV?$basic_string@DU?$char_traits@D@std@@V?$allocator@D@2@@std@@AEBV?$Rect@H@2@@Z) referenced in function "public: void __cdecl DrawObject::setTexture(class std::basic_string<char,struct std::char_traits<char>,class std::allocator<char> > const &)" (?setTexture@DrawObject@@QEAAXAEBV?$basic_string@DU?$char_traits@D@std@@V?$allocator@D@2@@std@@@Z)
Main.obj : error LNK2001: unresolved external symbol "__declspec(dllimport) public: bool __cdecl sf::Texture::loadFromFile(class std::basic_string<char,struct std::char_traits<char>,class std::allocator<char> > const &,class sf::Rect<int> const &)" (__imp_?loadFromFile@Texture@sf@@QEAA_NAEBV?$basic_string@DU?$char_traits@D@std@@V?$allocator@D@2@@std@@AEBV?$Rect@H@2@@Z)
DrawObject.obj : error LNK2019: unresolved external symbol "__declspec(dllimport) public: class sf::Vector2<unsigned int> __cdecl sf::Texture::getSize(void)const " (__imp_?getSize@Texture@sf@@QEBA?AV?$Vector2@I@2@XZ) referenced in function "public: void __cdecl DrawObject::setTexture(class std::basic_string<char,struct std::char_traits<char>,class std::allocator<char> > const &)" (?setTexture@DrawObject@@QEAAXAEBV?$basic_string@DU?$char_traits@D@std@@V?$allocator@D@2@@std@@@Z)
DrawObject.obj : error LNK2019: unresolved external symbol "__declspec(dllimport) public: void __cdecl sf::Transformable::setPosition(float,float)" (__imp_?setPosition@Transformable@sf@@QEAAXMM@Z) referenced in function "public: virtual void __cdecl DrawObject::update(void)" (?update@DrawObject@@UEAAXXZ)
Main.obj : error LNK2001: unresolved external symbol "__declspec(dllimport) public: void __cdecl sf::Transformable::setPosition(float,float)" (__imp_?setPosition@Transformable@sf@@QEAAXMM@Z)
DrawObject.obj : error LNK2019: unresolved external symbol "__declspec(dllimport) public: void __cdecl sf::Transformable::setOrigin(float,float)" (__imp_?setOrigin@Transformable@sf@@QEAAXMM@Z) referenced in function "public: void __cdecl DrawObject::setTexture(class std::basic_string<char,struct std::char_traits<char>,class std::allocator<char> > const &)" (?setTexture@DrawObject@@QEAAXAEBV?$basic_string@DU?$char_traits@D@std@@V?$allocator@D@2@@std@@@Z)
Main.obj : error LNK2001: unresolved external symbol "__declspec(dllimport) public: void __cdecl sf::Transformable::setOrigin(float,float)" (__imp_?setOrigin@Transformable@sf@@QEAAXMM@Z)
DrawObject.obj : error LNK2019: unresolved external symbol "__declspec(dllimport) public: __cdecl sf::Sprite::Sprite(void)" (__imp_??0Sprite@sf@@QEAA@XZ) referenced in function "public: __cdecl DrawObject::DrawObject(void)" (??0DrawObject@@QEAA@XZ)
Main.obj : error LNK2001: unresolved external symbol "__declspec(dllimport) public: __cdecl sf::Sprite::Sprite(void)" (__imp_??0Sprite@sf@@QEAA@XZ)
DrawObject.obj : error LNK2019: unresolved external symbol "__declspec(dllimport) public: void __cdecl sf::Sprite::setTexture(class sf::Texture const &,bool)" (__imp_?setTexture@Sprite@sf@@QEAAXAEBVTexture@2@_N@Z) referenced in function "public: void __cdecl DrawObject::setTexture(class std::basic_string<char,struct std::char_traits<char>,class std::allocator<char> > const &)" (?setTexture@DrawObject@@QEAAXAEBV?$basic_string@DU?$char_traits@D@std@@V?$allocator@D@2@@std@@@Z)
Main.obj : error LNK2001: unresolved external symbol "__declspec(dllimport) public: void __cdecl sf::Sprite::setTexture(class sf::Texture const &,bool)" (__imp_?setTexture@Sprite@sf@@QEAAXAEBVTexture@2@_N@Z)
EnemyCar.obj : error LNK2019: unresolved external symbol "__declspec(dllimport) public: float __cdecl sf::Time::asSeconds(void)const " (__imp_?asSeconds@Time@sf@@QEBAMXZ) referenced in function "public: virtual void __cdecl EnemyCar::update(void)" (?update@EnemyCar@@UEAAXXZ)
Main.obj : error LNK2001: unresolved external symbol "__declspec(dllimport) public: float __cdecl sf::Time::asSeconds(void)const " (__imp_?asSeconds@Time@sf@@QEBAMXZ)
Time.obj : error LNK2001: unresolved external symbol "__declspec(dllimport) public: float __cdecl sf::Time::asSeconds(void)const " (__imp_?asSeconds@Time@sf@@QEBAMXZ)
EnemyCar.obj : error LNK2019: unresolved external symbol "__declspec(dllimport) public: void __cdecl sf::Transformable::setRotation(float)" (__imp_?setRotation@Transformable@sf@@QEAAXM@Z) referenced in function "public: void __cdecl EnemyCar::ResetCar(void)" (?ResetCar@EnemyCar@@QEAAXXZ)
Player.obj : error LNK2001: unresolved external symbol "__declspec(dllimport) public: void __cdecl sf::Transformable::setRotation(float)" (__imp_?setRotation@Transformable@sf@@QEAAXM@Z)
EnemyCar.obj : error LNK2019: unresolved external symbol "__declspec(dllimport) public: void __cdecl sf::Transformable::rotate(float)" (__imp_?rotate@Transformable@sf@@QEAAXM@Z) referenced in function "public: virtual void __cdecl EnemyCar::update(void)" (?update@EnemyCar@@UEAAXXZ)
EnemyCar.obj : error LNK2019: unresolved external symbol "__declspec(dllimport) public: virtual __cdecl sf::Sprite::~Sprite(void)" (__imp_??1Sprite@sf@@UEAA@XZ) referenced in function "public: __cdecl DrawObject::~DrawObject(void)" (??1DrawObject@@QEAA@XZ)
Player.obj : error LNK2001: unresolved external symbol "__declspec(dllimport) public: virtual __cdecl sf::Sprite::~Sprite(void)" (__imp_??1Sprite@sf@@UEAA@XZ)
Main.obj : error LNK2001: unresolved external symbol "__declspec(dllimport) public: virtual __cdecl sf::Sprite::~Sprite(void)" (__imp_??1Sprite@sf@@UEAA@XZ)
Player.obj : error LNK2019: unresolved external symbol "__declspec(dllimport) public: static bool __cdecl sf::Keyboard::isKeyPressed(enum sf::Keyboard::Scan::Scancode)" (__imp_?isKeyPressed@Keyboard@sf@@SA_NW4Scancode@Scan@12@@Z) referenced in function "public: virtual void __cdecl Player::tickUpdate(void)" (?tickUpdate@Player@@UEAAXXZ)
Main.obj : error LNK2001: unresolved external symbol "__declspec(dllimport) public: static bool __cdecl sf::Keyboard::isKeyPressed(enum sf::Keyboard::Scan::Scancode)" (__imp_?isKeyPressed@Keyboard@sf@@SA_NW4Scancode@Scan@12@@Z)
Main.obj : error LNK2019: unresolved external symbol "__declspec(dllimport) public: __cdecl sf::String::String(char const *,class std::locale const &)" (__imp_??0String@sf@@QEAA@PEBDAEBVlocale@std@@@Z) referenced in function "void __cdecl HandleLose(void)" (?HandleLose@@YAXXZ)
Main.obj : error LNK2019: unresolved external symbol "__declspec(dllimport) public: __cdecl sf::String::String(class std::basic_string<char,struct std::char_traits<char>,class std::allocator<char> > const &,class std::locale const &)" (__imp_??0String@sf@@QEAA@AEBV?$basic_string@DU?$char_traits@D@std@@V?$allocator@D@2@@std@@AEBVlocale@3@@Z) referenced in function "void __cdecl HandleUI(void)" (?HandleUI@@YAXXZ)
Main.obj : error LNK2019: unresolved external symbol "__declspec(dllimport) public: __cdecl sf::String::~String(void)" (__imp_??1String@sf@@QEAA@XZ) referenced in function "void __cdecl HandleLose(void)" (?HandleLose@@YAXXZ)
Main.obj : error LNK2019: unresolved external symbol "__declspec(dllimport) public: __cdecl sf::VideoMode::VideoMode(unsigned int,unsigned int,unsigned int)" (__imp_??0VideoMode@sf@@QEAA@III@Z) referenced in function main
Main.obj : error LNK2019: unresolved external symbol "__declspec(dllimport) public: bool __cdecl sf::WindowBase::isOpen(void)const " (__imp_?isOpen@WindowBase@sf@@QEBA_NXZ) referenced in function main
Main.obj : error LNK2019: unresolved external symbol "__declspec(dllimport) public: bool __cdecl sf::WindowBase::pollEvent(class sf::Event &)" (__imp_?pollEvent@WindowBase@sf@@QEAA_NAEAVEvent@2@@Z) referenced in function main
Main.obj : error LNK2019: unresolved external symbol "__declspec(dllimport) public: virtual void __cdecl sf::Window::create(class sf::VideoMode,class sf::String const &,unsigned int)" (__imp_?create@Window@sf@@UEAAXVVideoMode@2@AEBVString@2@I@Z) referenced in function main
Main.obj : error LNK2019: unresolved external symbol "__declspec(dllimport) public: virtual void __cdecl sf::Window::close(void)" (__imp_?close@Window@sf@@UEAAXXZ) referenced in function main
Main.obj : error LNK2019: unresolved external symbol "__declspec(dllimport) public: void __cdecl sf::Window::setVerticalSyncEnabled(bool)" (__imp_?setVerticalSyncEnabled@Window@sf@@QEAAX_N@Z) referenced in function main
Main.obj : error LNK2019: unresolved external symbol "__declspec(dllimport) public: void __cdecl sf::Window::display(void)" (__imp_?display@Window@sf@@QEAAXXZ) referenced in function main
Main.obj : error LNK2019: unresolved external symbol "__declspec(dllimport) public: void __cdecl sf::Transformable::setPosition(class sf::Vector2<float> const &)" (__imp_?setPosition@Transformable@sf@@QEAAXAEBV?$Vector2@M@2@@Z) referenced in function "void __cdecl HandleLose(void)" (?HandleLose@@YAXXZ)
Main.obj : error LNK2019: unresolved external symbol "__declspec(dllimport) public: class sf::Vector2<float> const & __cdecl sf::Transformable::getPosition(void)const " (__imp_?getPosition@Transformable@sf@@QEBAAEBV?$Vector2@M@2@XZ) referenced in function "void __cdecl HandleBackground(void)" (?HandleBackground@@YAXXZ)
Main.obj : error LNK2019: unresolved external symbol "__declspec(dllimport) public: __cdecl sf::Color::Color(unsigned char,unsigned char,unsigned char,unsigned char)" (__imp_??0Color@sf@@QEAA@EEEE@Z) referenced in function main
Main.obj : error LNK2019: unresolved external symbol "__declspec(dllimport) public: void __cdecl sf::Texture::setRepeated(bool)" (__imp_?setRepeated@Texture@sf@@QEAAX_N@Z) referenced in function main
Main.obj : error LNK2019: unresolved external symbol "__declspec(dllimport) public: __cdecl sf::Font::Font(void)" (__imp_??0Font@sf@@QEAA@XZ) referenced in function "void __cdecl `dynamic initializer for 'font''(void)" (??__Efont@@YAXXZ)
Main.obj : error LNK2019: unresolved external symbol "__declspec(dllimport) public: __cdecl sf::Font::~Font(void)" (__imp_??1Font@sf@@QEAA@XZ) referenced in function "void __cdecl `dynamic atexit destructor for 'font''(void)" (??__Ffont@@YAXXZ)
Main.obj : error LNK2019: unresolved external symbol "__declspec(dllimport) public: bool __cdecl sf::Font::loadFromFile(class std::basic_string<char,struct std::char_traits<char>,class std::allocator<char> > const &)" (__imp_?loadFromFile@Font@sf@@QEAA_NAEBV?$basic_string@DU?$char_traits@D@std@@V?$allocator@D@2@@std@@@Z) referenced in function main
Main.obj : error LNK2019: unresolved external symbol "__declspec(dllimport) public: void __cdecl sf::RenderTarget::clear(class sf::Color const &)" (__imp_?clear@RenderTarget@sf@@QEAAXAEBVColor@2@@Z) referenced in function main
Main.obj : error LNK2019: unresolved external symbol "__declspec(dllimport) public: void __cdecl sf::RenderTarget::draw(class sf::Drawable const &,class sf::RenderStates const &)" (__imp_?draw@RenderTarget@sf@@QEAAXAEBVDrawable@2@AEBVRenderStates@2@@Z) referenced in function "void __cdecl DrawSprites(void)" (?DrawSprites@@YAXXZ)
Main.obj : error LNK2019: unresolved external symbol "__declspec(dllimport) public: __cdecl sf::RenderWindow::RenderWindow(void)" (__imp_??0RenderWindow@sf@@QEAA@XZ) referenced in function "void __cdecl `dynamic initializer for 'window''(void)" (??__Ewindow@@YAXXZ)
Main.obj : error LNK2019: unresolved external symbol "__declspec(dllimport) public: virtual __cdecl sf::RenderWindow::~RenderWindow(void)" (__imp_??1RenderWindow@sf@@UEAA@XZ) referenced in function "void __cdecl `dynamic atexit destructor for 'window''(void)" (??__Fwindow@@YAXXZ)
Main.obj : error LNK2019: unresolved external symbol "__declspec(dllimport) public: virtual class sf::Vector2<unsigned int> __cdecl sf::RenderWindow::getSize(void)const " (__imp_?getSize@RenderWindow@sf@@UEBA?AV?$Vector2@I@2@XZ) referenced in function "void __cdecl HandleLose(void)" (?HandleLose@@YAXXZ)
Main.obj : error LNK2019: unresolved external symbol "__declspec(dllimport) public: void __cdecl sf::Sprite::setTextureRect(class sf::Rect<int> const &)" (__imp_?setTextureRect@Sprite@sf@@QEAAXAEBV?$Rect@H@2@@Z) referenced in function main
Main.obj : error LNK2019: unresolved external symbol "__declspec(dllimport) public: __cdecl sf::Text::Text(void)" (__imp_??0Text@sf@@QEAA@XZ) referenced in function "void __cdecl `dynamic initializer for 'textEnd''(void)" (??__EtextEnd@@YAXXZ)
Main.obj : error LNK2019: unresolved external symbol "__declspec(dllimport) public: void __cdecl sf::Text::setString(class sf::String const &)" (__imp_?setString@Text@sf@@QEAAXAEBVString@2@@Z) referenced in function "void __cdecl HandleLose(void)" (?HandleLose@@YAXXZ)
Main.obj : error LNK2019: unresolved external symbol "__declspec(dllimport) public: void __cdecl sf::Text::setFont(class sf::Font const &)" (__imp_?setFont@Text@sf@@QEAAXAEBVFont@2@@Z) referenced in function main
Main.obj : error LNK2019: unresolved external symbol "__declspec(dllimport) public: void __cdecl sf::Text::setCharacterSize(unsigned int)" (__imp_?setCharacterSize@Text@sf@@QEAAXI@Z) referenced in function main
Main.obj : error LNK2019: unresolved external symbol "__declspec(dllimport) public: void __cdecl sf::Text::setLetterSpacing(float)" (__imp_?setLetterSpacing@Text@sf@@QEAAXM@Z) referenced in function main
Main.obj : error LNK2019: unresolved external symbol "__declspec(dllimport) public: class sf::Rect<float> __cdecl sf::Text::getLocalBounds(void)const " (__imp_?getLocalBounds@Text@sf@@QEBA?AV?$Rect@M@2@XZ) referenced in function "void __cdecl HandleLose(void)" (?HandleLose@@YAXXZ)
Main.obj : error LNK2019: unresolved external symbol "__declspec(dllimport) public: virtual __cdecl sf::Text::~Text(void)" (__imp_??1Text@sf@@UEAA@XZ) referenced in function "void __cdecl `dynamic atexit destructor for 'textEnd''(void)" (??__FtextEnd@@YAXXZ)
Main.obj : error LNK2019: unresolved external symbol "__declspec(dllimport) public: static class sf::RenderStates const sf::RenderStates::Default" (__imp_?Default@RenderStates@sf@@2V12@B) referenced in function "void __cdecl DrawSprites(void)" (?DrawSprites@@YAXXZ)
Time.obj : error LNK2019: unresolved external symbol "__declspec(dllimport) public: __cdecl sf::Time::Time(void)" (__imp_??0Time@sf@@QEAA@XZ) referenced in function "void __cdecl `dynamic initializer for 'deltaTime''(void)" (??__EdeltaTime@@YAXXZ)
Time.obj : error LNK2019: unresolved external symbol "__declspec(dllimport) public: __int64 __cdecl sf::Time::asMicroseconds(void)const " (__imp_?asMicroseconds@Time@sf@@QEBA_JXZ) referenced in function "void __cdecl RestartClock(void)" (?RestartClock@@YAXXZ)
Time.obj : error LNK2019: unresolved external symbol "__declspec(dllimport) class sf::Time __cdecl sf::operator*(class sf::Time,float)" (__imp_??Dsf@@YA?AVTime@0@V10@M@Z) referenced in function "void __cdecl RestartClock(void)" (?RestartClock@@YAXXZ)
Time.obj : error LNK2019: unresolved external symbol "__declspec(dllimport) public: __cdecl sf::Clock::Clock(void)" (__imp_??0Clock@sf@@QEAA@XZ) referenced in function "void __cdecl `dynamic initializer for 'updateClock''(void)" (??__EupdateClock@@YAXXZ)
Time.obj : error LNK2019: unresolved external symbol "__declspec(dllimport) public: class sf::Time __cdecl sf::Clock::restart(void)" (__imp_?restart@Clock@sf@@QEAA?AVTime@2@XZ) referenced in function "void __cdecl InitializeClock(void)" (?InitializeClock@@YAXXZ)
C:\Users\Gebruiker\Documents\School\C++\VisPlugins\SFML-2.6.1\lib\sfml-graphics.lib : warning LNK4272: library machine type 'x86' conflicts with target machine type 'x64'
C:\Users\Gebruiker\Documents\School\C++\VisPlugins\SFML-2.6.1\lib\sfml-window.lib : warning LNK4272: library machine type 'x86' conflicts with target machine type 'x64'
C:\Users\Gebruiker\Documents\School\C++\VisPlugins\SFML-2.6.1\lib\sfml-system.lib : warning LNK4272: library machine type 'x86' conflicts with target machine type 'x64'
C:\Users\Gebruiker\Documents\School\C++\GDev\GDEV1-C++\x64\Debug\GDEV1-C++.exe : fatal error LNK1120: 49 unresolved externals
