  Rigidbody.cpp
  EnemyCar.cpp
D:\Programming\DashRacer\GDEV1-C++\Scripts\GameObjects\EnemyCar.cpp(84,21): warning C4244: 'initializing': conversion from 'int' to 'float', possible loss of data
D:\Programming\DashRacer\GDEV1-C++\Scripts\GameObjects\EnemyCar.cpp(85,21): warning C4244: '=': conversion from 'int' to 'float', possible loss of data
D:\Programming\DashRacer\GDEV1-C++\Scripts\GameObjects\EnemyCar.cpp(86,37): warning C4244: 'argument': conversion from 'int' to 'float', possible loss of data
  Player.cpp
  GameRules.cpp
  Main.cpp
D:\Programming\DashRacer\GDEV1-C++\Scripts\Main.cpp(49,15): warning C4244: 'argument': conversion from 'time_t' to 'unsigned int', possible loss of data
D:\Programming\DashRacer\GDEV1-C++\Scripts\Main.cpp(130,39): warning C4244: 'argument': conversion from 'double' to 'float', possible loss of data
D:\Programming\DashRacer\GDEV1-C++\Scripts\Main.cpp(152,81): warning C4244: 'argument': conversion from 'T' to 'T', possible loss of data
          with
          [
              T=unsigned int
          ]
          and
          [
              T=float
          ]
D:\Programming\DashRacer\GDEV1-C++\Scripts\Main.cpp(152,57): warning C4244: 'argument': conversion from 'T' to 'T', possible loss of data
          with
          [
              T=unsigned int
          ]
          and
          [
              T=float
          ]
D:\Programming\DashRacer\GDEV1-C++\Scripts\Main.cpp(153,87): warning C4244: 'argument': conversion from 'T' to 'T', possible loss of data
          with
          [
              T=unsigned int
          ]
          and
          [
              T=float
          ]
D:\Programming\DashRacer\GDEV1-C++\Scripts\Main.cpp(153,59): warning C4244: 'argument': conversion from 'T' to 'T', possible loss of data
          with
          [
              T=unsigned int
          ]
          and
          [
              T=float
          ]
D:\Programming\DashRacer\GDEV1-C++\Scripts\Main.cpp(176,81): warning C4244: 'argument': conversion from 'T' to 'T', possible loss of data
          with
          [
              T=unsigned int
          ]
          and
          [
              T=float
          ]
D:\Programming\DashRacer\GDEV1-C++\Scripts\Main.cpp(176,57): warning C4244: 'argument': conversion from 'T' to 'T', possible loss of data
          with
          [
              T=unsigned int
          ]
          and
          [
              T=float
          ]
D:\Programming\DashRacer\GDEV1-C++\Scripts\Main.cpp(177,87): warning C4244: 'argument': conversion from 'T' to 'T', possible loss of data
          with
          [
              T=unsigned int
          ]
          and
          [
              T=float
          ]
D:\Programming\DashRacer\GDEV1-C++\Scripts\Main.cpp(177,59): warning C4244: 'argument': conversion from 'T' to 'T', possible loss of data
          with
          [
              T=unsigned int
          ]
          and
          [
              T=float
          ]
  Time.cpp
  Generating code
  Compiler switch has changed, fall back to full compilation.
  All 411 functions were compiled because no usable IPDB/IOBJ from previous compilation was found.
  Finished generating code
  GDEV1-C++.vcxproj -> D:\Programming\DashRacer\Release\GDEV1-C++.exe
